<?xml version="1.0" encoding="UTF-8"?>
<testsuite name="TDD.CabInvoiceGeneratorTest" tests="5" skipped="0" failures="0" errors="0" timestamp="2021-04-27T18:17:56" hostname="KEERTHANA" time="0.07">
  <properties/>
  <testcase name="testFare()" classname="TDD.CabInvoiceGeneratorTest" time="0.052"/>
  <testcase name="testTotalFare()" classname="TDD.CabInvoiceGeneratorTest" time="0.004"/>
  <testcase name="testInvoiceService()" classname="TDD.CabInvoiceGeneratorTest" time="0.002"/>
  <testcase name="testPremimumFare()" classname="TDD.CabInvoiceGeneratorTest" time="0.003"/>
  <testcase name="testInvoice()" classname="TDD.CabInvoiceGeneratorTest" time="0.001"/>
  <system-out><![CDATA[]]></system-out>
  <system-err><![CDATA[]]></system-err>
</testsuite>
